<?xml version="1.0" encoding="UTF-8"?>
<testsuite xmlns:xsi="http://www.w3.org/2001/XMLSchema-instance" xsi:noNamespaceSchemaLocation="https://maven.apache.org/surefire/maven-surefire-plugin/xsd/surefire-test-report.xsd" version="3.0.2" name="net.sourceforge.jdpapi.DataProtectorTestCase" time="0.031" tests="2" errors="0" skipped="0" failures="0">
  <properties>
[...]
</properties>
  <testcase name="testProtect" classname="net.sourceforge.jdpapi.DataProtectorTestCase" time="0.001"/>
  <testcase name="testProtectWithEntropy" classname="net.sourceforge.jdpapi.DataProtectorTestCase" time="0.0"/>
</testsuite>